<?xml version="1.0" encoding="UTF-8"?>
<!-- Generated by org.testng.reporters.JUnitReportReporter -->
<testsuite hostname="SRC" failures="0" tests="1" name="com.qa.tests.TestOne" time="9.228" errors="0" timestamp="2022-01-27T21:10:15 IST" skipped="0">
  <testcase classname="com.qa.tests.TestOne" name="test" time="9.228"/>
  <system-out/>
</testsuite> <!-- com.qa.tests.TestOne -->
