<?xml version="1.0" encoding="UTF-8"?>
<!-- Generated by org.testng.reporters.JUnitReportReporter -->
<testsuite hostname="SRC" failures="0" tests="1" name="com.qa.tests.TestOne" time="17.642" errors="0" timestamp="2022-01-27T17:25:35 IST" skipped="0">
  <testcase classname="com.qa.tests.TestOne" name="test" time="17.642"/>
  <system-out/>
</testsuite> <!-- com.qa.tests.TestOne -->
